D:\VC程序\LIBTHREAD_V1.0\LIBTHREAD\LIBTHREAD\LIBTHREAD\DEBUG\UN_COMMON.OBJ
D:\VC程序\LIBTHREAD_V1.0\LIBTHREAD\LIBTHREAD\LIBTHREAD\DEBUG\MAIN.OBJ
D:\VC程序\LIBTHREAD_V1.0\LIBTHREAD\LIBTHREAD\LIBTHREAD\DEBUG\ERROR.OBJ
D:\VC程序\LIBTHREAD_V1.0\LIBTHREAD\LIBTHREAD\LIBTHREAD\DEBUG\THREAD.OBJ
D:\VC程序\LIBTHREAD_V1.0\LIBTHREAD\LIBTHREAD\LIBTHREAD\DEBUG\WINAPI.OBJ
D:\VC程序\LIBTHREAD_V1.0\LIBTHREAD\LIBTHREAD\LIBTHREAD\DEBUG\TEST_BARRIER.OBJ
D:\VC程序\LIBTHREAD_V1.0\LIBTHREAD\LIBTHREAD\LIBTHREAD\DEBUG\TEST_COND.OBJ
D:\VC程序\LIBTHREAD_V1.0\LIBTHREAD\LIBTHREAD\LIBTHREAD\DEBUG\TEST_RDWRLOCK.OBJ
D:\VC程序\LIBTHREAD_V1.0\LIBTHREAD\LIBTHREAD\LIBTHREAD\DEBUG\TEST_MUTEX.OBJ
D:\VC程序\LIBTHREAD_V1.0\LIBTHREAD\LIBTHREAD\LIBTHREAD\DEBUG\TEST_SEM.OBJ
D:\VC程序\LIBTHREAD_V1.0\LIBTHREAD\LIBTHREAD\LIBTHREAD\DEBUG\VC110.PDB
D:\VC程序\LIBTHREAD_V1.0\LIBTHREAD\LIBTHREAD\LIBTHREAD\DEBUG\TEST_THREAD.OBJ
D:\VC程序\LIBTHREAD_V1.0\LIBTHREAD\LIBTHREAD\DEBUG\LIBTHREAD.EXE
D:\VC程序\LIBTHREAD_V1.0\LIBTHREAD\LIBTHREAD\DEBUG\LIBTHREAD.PDB
D:\VC程序\libthread_v1.0\libthread\libthread\libthread\Debug\error.obj
D:\VC程序\libthread_v1.0\libthread\libthread\libthread\Debug\main.obj
D:\VC程序\libthread_v1.0\libthread\libthread\libthread\Debug\test_barrier.obj
D:\VC程序\libthread_v1.0\libthread\libthread\libthread\Debug\test_cond.obj
D:\VC程序\libthread_v1.0\libthread\libthread\libthread\Debug\test_mutex.obj
D:\VC程序\libthread_v1.0\libthread\libthread\libthread\Debug\test_rdwrlock.obj
D:\VC程序\libthread_v1.0\libthread\libthread\libthread\Debug\test_sem.obj
D:\VC程序\libthread_v1.0\libthread\libthread\libthread\Debug\test_thread.obj
D:\VC程序\libthread_v1.0\libthread\libthread\libthread\Debug\thread.obj
D:\VC程序\libthread_v1.0\libthread\libthread\libthread\Debug\un_common.obj
D:\VC程序\libthread_v1.0\libthread\libthread\libthread\Debug\winapi.obj
D:\VC程序\libthread_v1.0\libthread\libthread\libthread\Debug\cl.command.1.tlog
D:\VC程序\libthread_v1.0\libthread\libthread\libthread\Debug\CL.read.1.tlog
D:\VC程序\libthread_v1.0\libthread\libthread\libthread\Debug\CL.write.1.tlog
D:\VC程序\libthread_v1.0\libthread\libthread\libthread\Debug\link-cvtres.read.1.tlog
D:\VC程序\libthread_v1.0\libthread\libthread\libthread\Debug\link-cvtres.write.1.tlog
D:\VC程序\libthread_v1.0\libthread\libthread\libthread\Debug\link-rc.read.1.tlog
D:\VC程序\libthread_v1.0\libthread\libthread\libthread\Debug\link-rc.write.1.tlog
D:\VC程序\libthread_v1.0\libthread\libthread\libthread\Debug\link.command.1.tlog
D:\VC程序\libthread_v1.0\libthread\libthread\libthread\Debug\link.read.1.tlog
D:\VC程序\libthread_v1.0\libthread\libthread\libthread\Debug\link.write.1.tlog
D:\VC程序\libthread_v1.0\libthread\libthread\libthread\Debug\vc110.idb
D:\VC程序\libthread_v1.0\libthread\libthread\libthread\Debug\vc110.pdb
D:\VC程序\libthread_v1.0\libthread\libthread\Debug\libthread.pdb
D:\VC程序\libthread_v1.0\libthread\libthread\Debug\libthread.exe
